[ N 2021-07-18 20:21:23.3560 66391/T1 age/Wat/WatchdogMain.cpp:1373 ]: Starting Passenger watchdog...
[ N 2021-07-18 20:21:23.3651 66394/T1 age/Cor/CoreMain.cpp:1340 ]: Starting Passenger core...
[ N 2021-07-18 20:21:23.3652 66394/T1 age/Cor/CoreMain.cpp:256 ]: Passenger core running in multi-application mode.
[ N 2021-07-18 20:21:23.4124 66394/T1 age/Cor/CoreMain.cpp:1015 ]: Passenger core online, PID 66394
2021/07/18 20:21:25 [error] 66422#0: *4 "/var/www/BHT-EMR-API/config/public/index.html" is not found (2: No such file or directory), client: 127.0.0.1, server: _, request: "HEAD / HTTP/1.1", host: "0.0.0.0"
[ N 2021-07-18 20:21:30.5396 66394/T5 age/Cor/SecurityUpdateChecker.h:519 ]: Security update check: no update found (next check in 24 hours)
2021/07/18 20:22:23 [error] 66422#0: *8 "/var/www/BHT-EMR-API/config/public/index.html" is not found (2: No such file or directory), client: 127.0.0.1, server: _, request: "GET / HTTP/1.1", host: "localhost:3000"
2021/07/18 20:22:23 [error] 66422#0: *8 open() "/var/www/BHT-EMR-API/config/public/favicon.ico" failed (2: No such file or directory), client: 127.0.0.1, server: _, request: "GET /favicon.ico HTTP/1.1", host: "localhost:3000", referrer: "http://localhost:3000/"

[ N 2021-07-18 20:22:40.9882 66394/T8 age/Cor/CoreMain.cpp:671 ]: Signal received. Gracefully shutting down... (send signal 2 more time(s) to force shutdown)
[ N 2021-07-18 20:22:40.9882 66394/T1 age/Cor/CoreMain.cpp:1246 ]: Received command to shutdown gracefully. Waiting until all clients have disconnected...
[ N 2021-07-18 20:22:40.9882 66394/Tb Ser/Server.h:902 ]: [ServerThr.2] Freed 0 spare client objects
[ N 2021-07-18 20:22:40.9882 66394/Td Ser/Server.h:902 ]: [ServerThr.3] Freed 0 spare client objects
[ N 2021-07-18 20:22:40.9883 66394/Tb Ser/Server.h:558 ]: [ServerThr.2] Shutdown finished
[ N 2021-07-18 20:22:40.9883 66394/Td Ser/Server.h:558 ]: [ServerThr.3] Shutdown finished
[ N 2021-07-18 20:22:40.9883 66394/T8 Ser/Server.h:902 ]: [ServerThr.1] Freed 0 spare client objects
[ N 2021-07-18 20:22:40.9883 66394/Tg Ser/Server.h:902 ]: [ServerThr.5] Freed 0 spare client objects
[ N 2021-07-18 20:22:40.9883 66394/T8 Ser/Server.h:558 ]: [ServerThr.1] Shutdown finished
[ N 2021-07-18 20:22:40.9883 66394/Tf Ser/Server.h:902 ]: [ServerThr.4] Freed 0 spare client objects
[ N 2021-07-18 20:22:40.9883 66394/Tm Ser/Server.h:902 ]: [ServerThr.8] Freed 0 spare client objects
[ N 2021-07-18 20:22:40.9883 66394/Tf Ser/Server.h:558 ]: [ServerThr.4] Shutdown finished
[ N 2021-07-18 20:22:40.9883 66394/Tm Ser/Server.h:558 ]: [ServerThr.8] Shutdown finished
[ N 2021-07-18 20:22:40.9883 66394/Tg Ser/Server.h:558 ]: [ServerThr.5] Shutdown finished
[ N 2021-07-18 20:22:40.9883 66394/Tk Ser/Server.h:902 ]: [ServerThr.7] Freed 0 spare client objects
[ N 2021-07-18 20:22:40.9883 66394/Ti Ser/Server.h:902 ]: [ServerThr.6] Freed 0 spare client objects
[ N 2021-07-18 20:22:40.9883 66394/To Ser/Server.h:902 ]: [ApiServer] Freed 0 spare client objects
[ N 2021-07-18 20:22:40.9883 66394/Tk Ser/Server.h:558 ]: [ServerThr.7] Shutdown finished
[ N 2021-07-18 20:22:40.9883 66394/Ti Ser/Server.h:558 ]: [ServerThr.6] Shutdown finished
[ N 2021-07-18 20:22:40.9883 66394/To Ser/Server.h:558 ]: [ApiServer] Shutdown finished
[ N 2021-07-18 20:22:43.2545 66394/T1 age/Cor/CoreMain.cpp:1325 ]: Passenger core shutdown finished
